<?xml version="1.0" encoding="UTF-8"?>
<testsuite name="com.biolab.xtens.contact.InspectorTest" time="0.023" tests="2" errors="0" skipped="0" failures="2">
  <properties>
[...]
</properties>
  <testcase name="testGetAnatomicalAreaStatistics" classname="com.biolab.xtens.contact.InspectorTest" time="0.023">
    <failure message="Not yet implemented" type="junit.framework.AssertionFailedError">junit.framework.AssertionFailedError: Not yet implemented
	at junit.framework.Assert.fail(Assert.java:47)
	at com.biolab.xtens.contact.InspectorTest.testGetAnatomicalAreaStatistics(InspectorTest.java:8)
</failure>
  </testcase>
  <testcase name="testHistogram" classname="com.biolab.xtens.contact.InspectorTest" time="0">
    <failure message="Not yet implemented" type="junit.framework.AssertionFailedError">junit.framework.AssertionFailedError: Not yet implemented
	at junit.framework.Assert.fail(Assert.java:47)
	at com.biolab.xtens.contact.InspectorTest.testHistogram(InspectorTest.java:12)
</failure>
  </testcase>
</testsuite>